<?xml version="1.0" encoding="UTF-8"?>
<!-- Generated by org.testng.reporters.JUnitReportReporter -->
<testsuite hostname="LAPTOP-UMV6OFSC" failures="0" tests="1" name="Mobile.Testing.AppTest" time="0.005" errors="0" timestamp="2023-08-10T14:00:00 IST" skipped="0">
  <testcase classname="Mobile.Testing.AppTest" name="shouldAnswerWithTrue" time="0.005"/>
  <system-out/>
</testsuite> <!-- Mobile.Testing.AppTest -->
