<?xml version="1.0" encoding="UTF-8"?>
<!-- Generated by org.testng.reporters.JUnitReportReporter -->
<testsuite hostname="LAPTOP-UMV6OFSC" failures="0" tests="2" name="assignment.Automationtest" time="7.572" errors="0" timestamp="2023-08-10T20:15:39 IST" skipped="0">
  <testcase classname="assignment.Automationtest" name="TestScenario2" time="4.677"/>
  <system-out/>
  <testcase classname="assignment.Automationtest" name="TestScenario3" time="2.895"/>
  <system-out/>
</testsuite> <!-- assignment.Automationtest -->
