<?xml version="1.0" encoding="UTF-8"?>
<!-- Generated by org.testng.reporters.JUnitReportReporter -->
<testsuite hostname="LAPTOP-UMV6OFSC" failures="0" tests="1" name="assignment.Automationrequesttest" time="5.177" errors="0" timestamp="2023-08-10T20:15:39 IST" skipped="0">
  <testcase classname="assignment.Automationrequesttest" name="TestScenario2" time="5.177"/>
  <system-out/>
</testsuite> <!-- assignment.Automationrequesttest -->
